<?xml version="1.0" encoding="UTF-8"?>
<!-- Generated by org.testng.reporters.JUnitXMLReporter -->
<testsuite ignored="13" hostname="INPNB77889" failures="0" tests="1" name="Default test" time="24.146" errors="0" timestamp="2023-05-27T13:40:40 IST">
  <testcase classname="BestBuyTestCase.TestCases" name="TestCase003SignUp" time="20.797"/>
  <testcase classname="BestBuyTestCase.TestCases" name="TestCase010orderConfirmationMsg" time="0.0">
    <ignored/>
  </testcase> <!-- TestCase010orderConfirmationMsg -->
  <testcase classname="BestBuyTestCase.TestCases" name="TestCase007MenuAddCart" time="0.0">
    <ignored/>
  </testcase> <!-- TestCase007MenuAddCart -->
  <testcase classname="BestBuyTestCase.TestCases" name="TestCase004ValidationTitle" time="0.0">
    <ignored/>
  </testcase> <!-- TestCase004ValidationTitle -->
  <testcase classname="BestBuyTestCase.TestCases" name="TestCase002" time="0.0">
    <ignored/>
  </testcase> <!-- TestCase002 -->
  <testcase classname="BestBuyTestCase.TestCases" name="TestCase009CheckOut" time="0.0">
    <ignored/>
  </testcase> <!-- TestCase009CheckOut -->
  <testcase classname="BestBuyTestCase.TestCases" name="TestCase005bottomValidation2" time="0.0">
    <ignored/>
  </testcase> <!-- TestCase005bottomValidation2 -->
  <testcase classname="BestBuyTestCase.TestCases" name="TestCase003SignIn" time="0.0">
    <ignored/>
  </testcase> <!-- TestCase003SignIn -->
  <testcase classname="BestBuyTestCase.TestCases" name="TestCase006ShoppingCart" time="0.0">
    <ignored/>
  </testcase> <!-- TestCase006ShoppingCart -->
  <testcase classname="BestBuyTestCase.TestCases" name="TestCase008MenuBrandAddCart" time="0.0">
    <ignored/>
  </testcase> <!-- TestCase008MenuBrandAddCart -->
  <testcase classname="BestBuyTestCase.TestCases" name="TestCase004ValidationTitle2" time="0.0">
    <ignored/>
  </testcase> <!-- TestCase004ValidationTitle2 -->
  <testcase classname="BestBuyTestCase.TestCases" name="TestCase005bottomValidation1" time="0.0">
    <ignored/>
  </testcase> <!-- TestCase005bottomValidation1 -->
  <testcase classname="BestBuyTestCase.TestCases" name="TestCase004ValidationTitle3" time="0.0">
    <ignored/>
  </testcase> <!-- TestCase004ValidationTitle3 -->
  <testcase classname="BestBuyTestCase.TestCases" name="TestCase001" time="0.0">
    <ignored/>
  </testcase> <!-- TestCase001 -->
</testsuite> <!-- Default test -->
