<?xml version="1.0" encoding="UTF-8"?>
<testng-results ignored="13" total="14" passed="1" failed="0" skipped="0">
  <reporter-output>
  </reporter-output>
  <suite started-at="2023-05-27T13:40:16 IST" name="Default suite" finished-at="2023-05-27T13:40:40 IST" duration-ms="24146">
    <groups>
    </groups>
    <test started-at="2023-05-27T13:40:16 IST" name="Default test" finished-at="2023-05-27T13:40:40 IST" duration-ms="24146">
      <class name="BestBuyTestCase.TestCases">
        <test-method is-config="true" signature="start()[pri:0, instance:BestBuyTestCase.TestCases@1b1426f4]" started-at="2023-05-27T13:40:16 IST" name="start" finished-at="2023-05-27T13:40:19 IST" duration-ms="3290" status="PASS">
          <reporter-output>
          </reporter-output>
        </test-method> <!-- start -->
        <test-method signature="TestCase003SignUp()[pri:0, instance:BestBuyTestCase.TestCases@1b1426f4]" started-at="2023-05-27T13:40:19 IST" name="TestCase003SignUp" finished-at="2023-05-27T13:40:40 IST" duration-ms="20797" status="PASS">
          <reporter-output>
          </reporter-output>
        </test-method> <!-- TestCase003SignUp -->
        <test-method is-config="true" signature="close()[pri:0, instance:BestBuyTestCase.TestCases@1b1426f4]" started-at="2023-05-27T13:40:40 IST" name="close" finished-at="2023-05-27T13:40:40 IST" duration-ms="0" status="PASS">
          <reporter-output>
          </reporter-output>
        </test-method> <!-- close -->
      </class> <!-- BestBuyTestCase.TestCases -->
    </test> <!-- Default test -->
  </suite> <!-- Default suite -->
</testng-results>
